[debug] [2021-05-30T04:00:59.932Z] ----------------------------------------------------------------------
[debug] [2021-05-30T04:00:59.936Z] Command:       /usr/bin/node /usr/local/bin/firebase init
[debug] [2021-05-30T04:00:59.937Z] CLI Version:   9.12.0
[debug] [2021-05-30T04:00:59.937Z] Platform:      linux
[debug] [2021-05-30T04:00:59.937Z] Node Version:  v10.19.0
[debug] [2021-05-30T04:00:59.937Z] Time:          Sun May 30 2021 09:30:59 GMT+0530 (India Standard Time)
[debug] [2021-05-30T04:00:59.937Z] ----------------------------------------------------------------------
[debug] 
[debug] [2021-05-30T04:00:59.941Z] >>> [apiv2][query] GET https://firebase-public.firebaseio.com/cli.json [none]
[debug] [2021-05-30T04:00:59.971Z] > command requires scopes: ["email","openid","https://www.googleapis.com/auth/cloudplatformprojects.readonly","https://www.googleapis.com/auth/firebase","https://www.googleapis.com/auth/cloud-platform"]
[debug] [2021-05-30T04:00:59.971Z] > authorizing via signed-in user (karunatata63@gmail.com)
[info] 
     ######## #### ########  ######## ########     ###     ######  ########
     ##        ##  ##     ## ##       ##     ##  ##   ##  ##       ##
     ######    ##  ########  ######   ########  #########  ######  ######
     ##        ##  ##    ##  ##       ##     ## ##     ##       ## ##
     ##       #### ##     ## ######## ########  ##     ##  ######  ########

You're about to initialize a Firebase project in this directory:

  /home/karuna/google_action

[debug] [2021-05-30T04:01:00.896Z] <<< [apiv2][status] GET https://firebase-public.firebaseio.com/cli.json 200
[debug] [2021-05-30T04:01:00.897Z] <<< [apiv2][body] GET https://firebase-public.firebaseio.com/cli.json {"cloudBuildErrorAfter":1594252800000,"cloudBuildWarnAfter":1590019200000,"defaultNode10After":1594252800000,"minVersion":"3.0.5","node8DeploysDisabledAfter":1613390400000,"node8RuntimeDisabledAfter":1615809600000,"node8WarnAfter":1600128000000}
[info] 
=== Project Setup
[info] 
[info] First, let's associate this project directory with a Firebase project.
[info] You can create multiple project aliases by running firebase use --add, 
[info] but for now we'll just set up a default project.
[info] 
[debug] [2021-05-30T04:02:33.847Z] > refreshing access token with scopes: []
[debug] [2021-05-30T04:02:33.849Z] >>> HTTP REQUEST POST https://www.googleapis.com/oauth2/v3/token  
 <request body omitted>
[debug] [2021-05-30T04:02:34.172Z] <<< HTTP RESPONSE 200 {"cache-control":"no-cache, no-store, max-age=0, must-revalidate","expires":"Mon, 01 Jan 1990 00:00:00 GMT","pragma":"no-cache","date":"Sun, 30 May 2021 04:02:34 GMT","content-type":"application/json; charset=utf-8","vary":"X-Origin, Referer, Origin,Accept-Encoding","server":"scaffolding on HTTPServer2","x-xss-protection":"0","x-frame-options":"SAMEORIGIN","x-content-type-options":"nosniff","alt-svc":"h3-29=\":443\"; ma=2592000,h3-T051=\":443\"; ma=2592000,h3-Q050=\":443\"; ma=2592000,h3-Q046=\":443\"; ma=2592000,h3-Q043=\":443\"; ma=2592000,quic=\":443\"; ma=2592000; v=\"46,43\"","accept-ranges":"none","transfer-encoding":"chunked"}
[debug] [2021-05-30T04:02:34.240Z] >>> [apiv2][query] GET https://firebase.googleapis.com/v1beta1/projects pageSize=100
[debug] [2021-05-30T04:02:35.002Z] <<< [apiv2][status] GET https://firebase.googleapis.com/v1beta1/projects 200
[debug] [2021-05-30T04:02:35.002Z] <<< [apiv2][body] GET https://firebase.googleapis.com/v1beta1/projects [omitted]
[info] i  Using project aumega-vision (aumega-vision) 
[info] 
=== Hosting Setup
[info] 
[info] Your public directory is the folder (relative to your project directory) that
[info] will contain Hosting assets to be uploaded with firebase deploy. If you
[info] have a build process for your assets, use your build's output directory.
[info] 
[info] ✔  Wrote /404.html 
[debug] [2021-05-30T04:03:59.177Z] >>> [apiv2][query] GET https://www.gstatic.com/firebasejs/releases.json [none]
[debug] [2021-05-30T04:03:59.341Z] <<< [apiv2][status] GET https://www.gstatic.com/firebasejs/releases.json 200
[debug] [2021-05-30T04:03:59.341Z] <<< [apiv2][body] GET https://www.gstatic.com/firebasejs/releases.json {"current":{"version":"8.6.3","browserURL":"https://www.gstatic.com/firebasejs/8.6.3/firebase.js","packageURL":"https://www.gstatic.com/firebasejs/8.6.3/firebase.tgz"},"live":{"version":"8.6","browserURL":"https://www.gstatic.com/firebasejs/live/8.6/firebase.js","packageURL":"https://www.gstatic.com/firebasejs/live/8.6/firebase.tgz"},"components":{"analytics":"https://www.gstatic.com/firebasejs/8.6.3/firebase-analytics.js","app":"https://www.gstatic.com/firebasejs/8.6.3/firebase-app.js","app-check":"https://www.gstatic.com/firebasejs/8.6.3/firebase-app-check.js","auth":"https://www.gstatic.com/firebasejs/8.6.3/firebase-auth.js","database":"https://www.gstatic.com/firebasejs/8.6.3/firebase-database.js","firestore":"https://www.gstatic.com/firebasejs/8.6.3/firebase-firestore.js","functions":"https://www.gstatic.com/firebasejs/8.6.3/firebase-functions.js","installations":"https://www.gstatic.com/firebasejs/8.6.3/firebase-installations.js","messaging":"https://www.gstatic.com/firebasejs/8.6.3/firebase-messaging.js","storage":"https://www.gstatic.com/firebasejs/8.6.3/firebase-storage.js","performance":"https://www.gstatic.com/firebasejs/8.6.3/firebase-performance.js","remote-config":"https://www.gstatic.com/firebasejs/8.6.3/firebase-remote-config.js","firestore.memory":"https://www.gstatic.com/firebasejs/8.6.3/firebase-firestore.memory.js"}}
[info] ✔  Wrote /index.html 
[info] 
[info] i  Didn't detect a .git folder. Assuming /home/karuna/google_action is the project root. 
[info] i  Authorizing with GitHub to upload your service account to a GitHub repository's secrets store. 
[info] 
[info] Visit this URL on this device to log in:
[info] https://github.com/login/oauth/authorize?client_id=89cf50f02ac6aaed3484&state=969705074&redirect_uri=http%3A%2F%2Flocalhost%3A9005&scope=read%3Auser%20repo%20public_repo
[info] 
[info] Waiting for authentication...
[debug] [2021-05-30T04:04:38.131Z] >>> HTTP REQUEST POST https://github.com/login/oauth/access_token  
 {"client_id":"89cf50f02ac6aaed3484","client_secret":"3330d14abc895d9a74d5f17cd7a00711fa2c5bf0","code":"d2d522a78bc92d6cb30c","redirect_uri":"http://localhost:9005","state":"969705074"}
[debug] [2021-05-30T04:04:38.557Z] <<< HTTP RESPONSE 200 {"server":"GitHub.com","date":"Sun, 30 May 2021 04:04:38 GMT","content-type":"application/json; charset=utf-8","transfer-encoding":"chunked","vary":"X-PJAX, Accept-Encoding, Accept, X-Requested-With","permissions-policy":"interest-cohort=()","etag":"W/\"27123a9fa7664a6ebe2c25b2e1f9141c\"","cache-control":"max-age=0, private, must-revalidate","strict-transport-security":"max-age=31536000; includeSubdomains; preload","x-frame-options":"deny","x-content-type-options":"nosniff","x-xss-protection":"0","referrer-policy":"origin-when-cross-origin, strict-origin-when-cross-origin","expect-ct":"max-age=2592000, report-uri=\"https://api.github.com/_private/browser/errors\"","content-security-policy":"default-src 'none'; base-uri 'self'; block-all-mixed-content; connect-src 'self' uploads.github.com www.githubstatus.com collector.githubapp.com api.github.com github-cloud.s3.amazonaws.com github-production-repository-file-5c1aeb.s3.amazonaws.com github-production-upload-manifest-file-7fdce7.s3.amazonaws.com github-production-user-asset-6210df.s3.amazonaws.com html-translator.herokuapp.com cdn.optimizely.com logx.optimizely.com/v1/events wss://alive.github.com; font-src github.githubassets.com; form-action 'self' github.com gist.github.com; frame-ancestors 'none'; frame-src render.githubusercontent.com; img-src 'self' data: github.githubassets.com identicons.github.com collector.githubapp.com github-cloud.s3.amazonaws.com secured-user-images.githubusercontent.com/ *.githubusercontent.com; manifest-src 'self'; media-src 'none'; script-src github.githubassets.com; style-src 'unsafe-inline' github.githubassets.com; worker-src github.com/socket-worker-3f088aa2.js gist.github.com/socket-worker-3f088aa2.js","x-github-request-id":"D342:60E9:A1416B:B197D4:60B30ED6"}
[debug] [2021-05-30T04:04:38.594Z] >>> [apiv2][query] GET https://api.github.com/user [none]
[debug] [2021-05-30T04:04:39.025Z] <<< [apiv2][status] GET https://api.github.com/user 200
[debug] [2021-05-30T04:04:39.027Z] <<< [apiv2][body] GET https://api.github.com/user {"login":"starlightknown","id":74637789,"node_id":"MDQ6VXNlcjc0NjM3Nzg5","avatar_url":"https://avatars.githubusercontent.com/u/74637789?v=4","gravatar_id":"","url":"https://api.github.com/users/starlightknown","html_url":"https://github.com/starlightknown","followers_url":"https://api.github.com/users/starlightknown/followers","following_url":"https://api.github.com/users/starlightknown/following{/other_user}","gists_url":"https://api.github.com/users/starlightknown/gists{/gist_id}","starred_url":"https://api.github.com/users/starlightknown/starred{/owner}{/repo}","subscriptions_url":"https://api.github.com/users/starlightknown/subscriptions","organizations_url":"https://api.github.com/users/starlightknown/orgs","repos_url":"https://api.github.com/users/starlightknown/repos","events_url":"https://api.github.com/users/starlightknown/events{/privacy}","received_events_url":"https://api.github.com/users/starlightknown/received_events","type":"User","site_admin":false,"name":"Karuna Tata","company":null,"blog":"https://starlightknown.github.io/","location":"India","email":null,"hireable":null,"bio":"Open Source | Community | Hackathons\r\nHack Ambassador and Moderator at Hack the Mountains. Student Ambassador at Angel Hack.","twitter_username":"Starlightknown_","public_repos":39,"public_gists":1,"followers":99,"following":66,"created_at":"2020-11-18T03:15:51Z","updated_at":"2021-05-30T04:04:37Z","private_gists":0,"total_private_repos":0,"owned_private_repos":0,"disk_usage":220604,"collaborators":0,"two_factor_authentication":false,"plan":{"name":"pro","space":976562499,"collaborators":0,"private_repos":9999}}
[info] 
[info] ✔  Success! Logged into GitHub as starlightknown 
[info] 
[debug] [2021-05-30T04:05:06.063Z] >>> [apiv2][query] GET https://api.github.com/repos/y/actions/secrets/public-key type=owner
[debug] [2021-05-30T04:05:07.256Z] <<< [apiv2][status] GET https://api.github.com/repos/y/actions/secrets/public-key 404
[debug] [2021-05-30T04:05:07.257Z] <<< [apiv2][body] GET https://api.github.com/repos/y/actions/secrets/public-key {"message":"Not Found","documentation_url":"https://docs.github.com/rest"}
[debug] [2021-05-30T04:05:23.751Z] >>> [apiv2][query] GET https://api.github.com/repos/n/actions/secrets/public-key type=owner
[debug] [2021-05-30T04:05:24.161Z] <<< [apiv2][status] GET https://api.github.com/repos/n/actions/secrets/public-key 404
[debug] [2021-05-30T04:05:24.164Z] <<< [apiv2][body] GET https://api.github.com/repos/n/actions/secrets/public-key {"message":"Not Found","documentation_url":"https://docs.github.com/rest"}
[debug] [2021-05-30T04:05:32.508Z] Error: read EIO
    at TTY.onStreamRead (internal/stream_base_commons.js:111:27)
[error] 
[error] Error: An unexpected error has occurred.
